{"total": {"lines":{"total":118,"covered":34,"skipped":0,"pct":28.81},"statements":{"total":126,"covered":35,"skipped":0,"pct":27.77},"functions":{"total":37,"covered":9,"skipped":0,"pct":24.32},"branches":{"total":28,"covered":2,"skipped":0,"pct":7.14},"branchesTrue":{"total":0,"covered":0,"skipped":0,"pct":100}}
,"/home/carol/Projetos/sd-024-b-project-trivia-react-redux/src/App.js": {"lines":{"total":1,"covered":1,"skipped":0,"pct":100},"functions":{"total":1,"covered":1,"skipped":0,"pct":100},"statements":{"total":1,"covered":1,"skipped":0,"pct":100},"branches":{"total":0,"covered":0,"skipped":0,"pct":100}}
,"/home/carol/Projetos/sd-024-b-project-trivia-react-redux/src/components/Header.js": {"lines":{"total":8,"covered":2,"skipped":0,"pct":25},"functions":{"total":3,"covered":0,"skipped":0,"pct":0},"statements":{"total":9,"covered":2,"skipped":0,"pct":22.22},"branches":{"total":0,"covered":0,"skipped":0,"pct":100}}
,"/home/carol/Projetos/sd-024-b-project-trivia-react-redux/src/components/QuestionCard.js": {"lines":{"total":52,"covered":2,"skipped":0,"pct":3.84},"functions":{"total":16,"covered":0,"skipped":0,"pct":0},"statements":{"total":55,"covered":2,"skipped":0,"pct":3.63},"branches":{"total":16,"covered":0,"skipped":0,"pct":0}}
,"/home/carol/Projetos/sd-024-b-project-trivia-react-redux/src/pages/Feedback.js": {"lines":{"total":5,"covered":2,"skipped":0,"pct":40},"functions":{"total":2,"covered":0,"skipped":0,"pct":0},"statements":{"total":6,"covered":2,"skipped":0,"pct":33.33},"branches":{"total":2,"covered":0,"skipped":0,"pct":0}}
,"/home/carol/Projetos/sd-024-b-project-trivia-react-redux/src/pages/Game.js": {"lines":{"total":27,"covered":2,"skipped":0,"pct":7.4},"functions":{"total":7,"covered":0,"skipped":0,"pct":0},"statements":{"total":29,"covered":2,"skipped":0,"pct":6.89},"branches":{"total":8,"covered":0,"skipped":0,"pct":0}}
,"/home/carol/Projetos/sd-024-b-project-trivia-react-redux/src/pages/Login.js": {"lines":{"total":24,"covered":24,"skipped":0,"pct":100},"functions":{"total":7,"covered":7,"skipped":0,"pct":100},"statements":{"total":25,"covered":25,"skipped":0,"pct":100},"branches":{"total":2,"covered":2,"skipped":0,"pct":100}}
,"/home/carol/Projetos/sd-024-b-project-trivia-react-redux/src/pages/Ranking.js": {"lines":{"total":0,"covered":0,"skipped":0,"pct":100},"functions":{"total":0,"covered":0,"skipped":0,"pct":100},"statements":{"total":0,"covered":0,"skipped":0,"pct":100},"branches":{"total":0,"covered":0,"skipped":0,"pct":100}}
,"/home/carol/Projetos/sd-024-b-project-trivia-react-redux/src/pages/Settings.js": {"lines":{"total":1,"covered":1,"skipped":0,"pct":100},"functions":{"total":1,"covered":1,"skipped":0,"pct":100},"statements":{"total":1,"covered":1,"skipped":0,"pct":100},"branches":{"total":0,"covered":0,"skipped":0,"pct":100}}
}
